# JRE version: OpenJDK Runtime Environment (17.0.7) (build 17.0.7+0-b2043.56-10550314)
# Java VM: OpenJDK 64-Bit Server VM (17.0.7+0-b2043.56-10550314, mixed mode, tiered, compressed oops, compressed class ptrs, g1 gc, windows-amd64)
GC Precious Log:
 CPUs: 8 total, 8 available
 Memory: 7502M
 Large Page Support: Disabled
 NUMA Support: Disabled
 Compressed Oops: Enabled (32-bit)
 Heap Region Size: 1M
 Heap Min Capacity: 8M
 Heap Initial Capacity: 118M
 Heap Max Capacity: 1536M
 Pre-touch: Disabled
 Parallel Workers: 8
 Concurrent Workers: 2
 Concurrent Refinement Workers: 8
 Periodic GC: Disabled
Heap:
 garbage-first heap   total 68608K, used 29440K [0x00000000a0000000, 0x0000000100000000)
  region size 1024K, 9 young (9216K), 4 survivors (4096K)
 Metaspace       used 39191K, committed 39488K, reserved 1114112K
  class space    used 5128K, committed 5312K, reserved 1048576K
GC Heap History (14 events):
Event: 1.713 GC heap before
{Heap before GC invocations=0 (full 0):
 garbage-first heap   total 120832K, used 28672K [0x00000000a0000000, 0x0000000100000000)
  region size 1024K, 23 young (23552K), 0 survivors (0K)
 Metaspace       used 10243K, committed 10432K, reserved 1114112K
  class space    used 1060K, committed 1152K, reserved 1048576K
}
Event: 1.723 GC heap after
{Heap after GC invocations=1 (full 0):
 garbage-first heap   total 120832K, used 8832K [0x00000000a0000000, 0x0000000100000000)
  region size 1024K, 3 young (3072K), 3 survivors (3072K)
 Metaspace       used 10243K, committed 10432K, reserved 1114112K
  class space    used 1060K, committed 1152K, reserved 1048576K
}
Event: 3.000 GC heap before
{Heap before GC invocations=1 (full 0):
 garbage-first heap   total 120832K, used 37504K [0x00000000a0000000, 0x0000000100000000)
  region size 1024K, 31 young (31744K), 3 survivors (3072K)
 Metaspace       used 11177K, committed 11328K, reserved 1114112K
  class space    used 1165K, committed 1280K, reserved 1048576K
}
Event: 3.008 GC heap after
{Heap after GC invocations=2 (full 0):
 garbage-first heap   total 120832K, used 13452K [0x00000000a0000000, 0x0000000100000000)
  region size 1024K, 4 young (4096K), 4 survivors (4096K)
 Metaspace       used 11177K, committed 11328K, reserved 1114112K
  class space    used 1165K, committed 1280K, reserved 1048576K
}
Event: 4.906 GC heap before
{Heap before GC invocations=2 (full 0):
 garbage-first heap   total 120832K, used 52364K [0x00000000a0000000, 0x0000000100000000)
  region size 1024K, 43 young (44032K), 4 survivors (4096K)
 Metaspace       used 21319K, committed 21504K, reserved 1114112K
  class space    used 2621K, committed 2688K, reserved 1048576K
}
Event: 4.916 GC heap after
{Heap after GC invocations=3 (full 0):
 garbage-first heap   total 120832K, used 17978K [0x00000000a0000000, 0x0000000100000000)
  region size 1024K, 9 young (9216K), 9 survivors (9216K)
 Metaspace       used 21319K, committed 21504K, reserved 1114112K
  class space    used 2621K, committed 2688K, reserved 1048576K
}
Event: 6.046 GC heap before
{Heap before GC invocations=4 (full 0):
 garbage-first heap   total 68608K, used 49722K [0x00000000a0000000, 0x0000000100000000)
  region size 1024K, 40 young (40960K), 9 survivors (9216K)
 Metaspace       used 26807K, committed 27072K, reserved 1114112K
  class space    used 3497K, committed 3648K, reserved 1048576K
}
Event: 6.055 GC heap after
{Heap after GC invocations=5 (full 0):
 garbage-first heap   total 68608K, used 19530K [0x00000000a0000000, 0x0000000100000000)
  region size 1024K, 3 young (3072K), 3 survivors (3072K)
 Metaspace       used 26807K, committed 27072K, reserved 1114112K
  class space    used 3497K, committed 3648K, reserved 1048576K
}
Event: 7.316 GC heap before
{Heap before GC invocations=5 (full 0):
 garbage-first heap   total 68608K, used 45130K [0x00000000a0000000, 0x0000000100000000)
  region size 1024K, 29 young (29696K), 3 survivors (3072K)
 Metaspace       used 30755K, committed 31104K, reserved 1114112K
  class space    used 4137K, committed 4288K, reserved 1048576K
}
Event: 7.321 GC heap after
{Heap after GC invocations=6 (full 0):
 garbage-first heap   total 68608K, used 20686K [0x00000000a0000000, 0x0000000100000000)
  region size 1024K, 4 young (4096K), 4 survivors (4096K)
 Metaspace       used 30755K, committed 31104K, reserved 1114112K
  class space    used 4137K, committed 4288K, reserved 1048576K
}
Event: 8.266 GC heap before
{Heap before GC invocations=6 (full 0):
 garbage-first heap   total 68608K, used 37070K [0x00000000a0000000, 0x0000000100000000)
  region size 1024K, 22 young (22528K), 4 survivors (4096K)
 Metaspace       used 35751K, committed 36096K, reserved 1114112K
  class space    used 4671K, committed 4864K, reserved 1048576K
}
Event: 8.272 GC heap after
{Heap after GC invocations=7 (full 0):
 garbage-first heap   total 68608K, used 22661K [0x00000000a0000000, 0x0000000100000000)
  region size 1024K, 4 young (4096K), 4 survivors (4096K)
 Metaspace       used 35751K, committed 36096K, reserved 1114112K
  class space    used 4671K, committed 4864K, reserved 1048576K
}
Event: 8.801 GC heap before
{Heap before GC invocations=8 (full 0):
 garbage-first heap   total 68608K, used 48261K [0x00000000a0000000, 0x0000000100000000)
  region size 1024K, 30 young (30720K), 4 survivors (4096K)
 Metaspace       used 38330K, committed 38592K, reserved 1114112K
  class space    used 4986K, committed 5120K, reserved 1048576K
}
Event: 8.806 GC heap after
{Heap after GC invocations=9 (full 0):
 garbage-first heap   total 68608K, used 25344K [0x00000000a0000000, 0x0000000100000000)
  region size 1024K, 4 young (4096K), 4 survivors (4096K)
 Metaspace       used 38330K, committed 38592K, reserved 1114112K
  class space    used 4986K, committed 5120K, reserved 1048576K
}

