# JRE version: OpenJDK Runtime Environment (17.0.7) (build 17.0.7+0-b2043.56-10550314)
# Java VM: OpenJDK 64-Bit Server VM (17.0.7+0-b2043.56-10550314, mixed mode, tiered, compressed oops, compressed class ptrs, g1 gc, windows-amd64)
GC Precious Log:
 CPUs: 8 total, 8 available
 Memory: 7502M
 Large Page Support: Disabled
 NUMA Support: Disabled
 Compressed Oops: Enabled (32-bit)
 Heap Region Size: 1M
 Heap Min Capacity: 8M
 Heap Initial Capacity: 118M
 Heap Max Capacity: 1536M
 Pre-touch: Disabled
 Parallel Workers: 8
 Concurrent Workers: 2
 Concurrent Refinement Workers: 8
 Periodic GC: Disabled
Heap:
 garbage-first heap   total 125952K, used 55398K [0x00000000a0000000, 0x0000000100000000)
  region size 1024K, 30 young (30720K), 7 survivors (7168K)
 Metaspace       used 49050K, committed 49408K, reserved 1114112K
  class space    used 6398K, committed 6592K, reserved 1048576K
GC Heap History (20 events):
Event: 1.877 GC heap before
{Heap before GC invocations=1 (full 0):
 garbage-first heap   total 120832K, used 37536K [0x00000000a0000000, 0x0000000100000000)
  region size 1024K, 31 young (31744K), 3 survivors (3072K)
 Metaspace       used 11166K, committed 11328K, reserved 1114112K
  class space    used 1164K, committed 1280K, reserved 1048576K
}
Event: 1.887 GC heap after
{Heap after GC invocations=2 (full 0):
 garbage-first heap   total 120832K, used 13591K [0x00000000a0000000, 0x0000000100000000)
  region size 1024K, 4 young (4096K), 4 survivors (4096K)
 Metaspace       used 11166K, committed 11328K, reserved 1114112K
  class space    used 1164K, committed 1280K, reserved 1048576K
}
Event: 3.651 GC heap before
{Heap before GC invocations=2 (full 0):
 garbage-first heap   total 120832K, used 52503K [0x00000000a0000000, 0x0000000100000000)
  region size 1024K, 43 young (44032K), 4 survivors (4096K)
 Metaspace       used 21311K, committed 21504K, reserved 1114112K
  class space    used 2620K, committed 2688K, reserved 1048576K
}
Event: 3.660 GC heap after
{Heap after GC invocations=3 (full 0):
 garbage-first heap   total 120832K, used 17604K [0x00000000a0000000, 0x0000000100000000)
  region size 1024K, 8 young (8192K), 8 survivors (8192K)
 Metaspace       used 21311K, committed 21504K, reserved 1114112K
  class space    used 2620K, committed 2688K, reserved 1048576K
}
Event: 4.616 GC heap before
{Heap before GC invocations=4 (full 0):
 garbage-first heap   total 65536K, used 47300K [0x00000000a0000000, 0x0000000100000000)
  region size 1024K, 38 young (38912K), 8 survivors (8192K)
 Metaspace       used 26628K, committed 26880K, reserved 1114112K
  class space    used 3461K, committed 3584K, reserved 1048576K
}
Event: 4.623 GC heap after
{Heap after GC invocations=5 (full 0):
 garbage-first heap   total 65536K, used 19615K [0x00000000a0000000, 0x0000000100000000)
  region size 1024K, 3 young (3072K), 3 survivors (3072K)
 Metaspace       used 26628K, committed 26880K, reserved 1114112K
  class space    used 3461K, committed 3584K, reserved 1048576K
}
Event: 4.661 GC heap before
{Heap before GC invocations=5 (full 0):
 garbage-first heap   total 65536K, used 19615K [0x00000000a0000000, 0x0000000100000000)
  region size 1024K, 4 young (4096K), 3 survivors (3072K)
 Metaspace       used 26805K, committed 27072K, reserved 1114112K
  class space    used 3495K, committed 3648K, reserved 1048576K
}
Event: 4.663 GC heap after
{Heap after GC invocations=6 (full 0):
 garbage-first heap   total 65536K, used 19639K [0x00000000a0000000, 0x0000000100000000)
  region size 1024K, 1 young (1024K), 1 survivors (1024K)
 Metaspace       used 26805K, committed 27072K, reserved 1114112K
  class space    used 3495K, committed 3648K, reserved 1048576K
}
Event: 5.483 GC heap before
{Heap before GC invocations=6 (full 0):
 garbage-first heap   total 65536K, used 45239K [0x00000000a0000000, 0x0000000100000000)
  region size 1024K, 26 young (26624K), 1 survivors (1024K)
 Metaspace       used 30571K, committed 30848K, reserved 1114112K
  class space    used 4121K, committed 4288K, reserved 1048576K
}
Event: 5.487 GC heap after
{Heap after GC invocations=7 (full 0):
 garbage-first heap   total 65536K, used 20496K [0x00000000a0000000, 0x0000000100000000)
  region size 1024K, 2 young (2048K), 2 survivors (2048K)
 Metaspace       used 30571K, committed 30848K, reserved 1114112K
  class space    used 4121K, committed 4288K, reserved 1048576K
}
Event: 6.104 GC heap before
{Heap before GC invocations=7 (full 0):
 garbage-first heap   total 65536K, used 36880K [0x00000000a0000000, 0x0000000100000000)
  region size 1024K, 20 young (20480K), 2 survivors (2048K)
 Metaspace       used 35806K, committed 36096K, reserved 1114112K
  class space    used 4682K, committed 4864K, reserved 1048576K
}
Event: 6.109 GC heap after
{Heap after GC invocations=8 (full 0):
 garbage-first heap   total 65536K, used 22440K [0x00000000a0000000, 0x0000000100000000)
  region size 1024K, 4 young (4096K), 4 survivors (4096K)
 Metaspace       used 35806K, committed 36096K, reserved 1114112K
  class space    used 4682K, committed 4864K, reserved 1048576K
}
Event: 6.538 GC heap before
{Heap before GC invocations=9 (full 0):
 garbage-first heap   total 65536K, used 45992K [0x00000000a0000000, 0x0000000100000000)
  region size 1024K, 28 young (28672K), 4 survivors (4096K)
 Metaspace       used 37988K, committed 38336K, reserved 1114112K
  class space    used 4944K, committed 5120K, reserved 1048576K
}
Event: 6.545 GC heap after
{Heap after GC invocations=10 (full 0):
 garbage-first heap   total 65536K, used 26071K [0x00000000a0000000, 0x0000000100000000)
  region size 1024K, 4 young (4096K), 4 survivors (4096K)
 Metaspace       used 37988K, committed 38336K, reserved 1114112K
  class space    used 4944K, committed 5120K, reserved 1048576K
}
Event: 6.561 GC heap before
{Heap before GC invocations=10 (full 0):
 garbage-first heap   total 65536K, used 27095K [0x00000000a0000000, 0x0000000100000000)
  region size 1024K, 5 young (5120K), 4 survivors (4096K)
 Metaspace       used 38011K, committed 38400K, reserved 1114112K
  class space    used 4947K, committed 5120K, reserved 1048576K
}
Event: 6.565 GC heap after
{Heap after GC invocations=11 (full 0):
 garbage-first heap   total 65536K, used 26787K [0x00000000a0000000, 0x0000000100000000)
  region size 1024K, 1 young (1024K), 1 survivors (1024K)
 Metaspace       used 38011K, committed 38400K, reserved 1114112K
  class space    used 4947K, committed 5120K, reserved 1048576K
}
Event: 7.088 GC heap before
{Heap before GC invocations=11 (full 0):
 garbage-first heap   total 65536K, used 51363K [0x00000000a0000000, 0x0000000100000000)
  region size 1024K, 22 young (22528K), 1 survivors (1024K)
 Metaspace       used 40722K, committed 41088K, reserved 1114112K
  class space    used 5261K, committed 5440K, reserved 1048576K
}
Event: 7.092 GC heap after
{Heap after GC invocations=12 (full 0):
 garbage-first heap   total 125952K, used 28147K [0x00000000a0000000, 0x0000000100000000)
  region size 1024K, 3 young (3072K), 3 survivors (3072K)
 Metaspace       used 40722K, committed 41088K, reserved 1114112K
  class space    used 5261K, committed 5440K, reserved 1048576K
}
Event: 8.687 GC heap before
{Heap before GC invocations=12 (full 0):
 garbage-first heap   total 125952K, used 90611K [0x00000000a0000000, 0x0000000100000000)
  region size 1024K, 63 young (64512K), 3 survivors (3072K)
 Metaspace       used 46961K, committed 47424K, reserved 1114112K
  class space    used 6140K, committed 6336K, reserved 1048576K
}
Event: 8.697 GC heap after
{Heap after GC invocations=13 (full 0):
 garbage-first heap   total 125952K, used 32870K [0x00000000a0000000, 0x0000000100000000)
  region size 1024K, 7 young (7168K), 7 survivors (7168K)
 Metaspace       used 46961K, committed 47424K, reserved 1114112K
  class space    used 6140K, committed 6336K, reserved 1048576K
}

